<?xml version="1.0" encoding="UTF-8"?>
<coverage generated="1701082511485" clover="3.2.0">
  <project timestamp="1701082511486" name="All files">
    <metrics statements="146" coveredstatements="135" conditionals="49" coveredconditionals="41" methods="31" coveredmethods="29" elements="226" coveredelements="205" complexity="0" loc="146" ncloc="146" packages="4" files="4" classes="4"/>
    <package name="factory">
      <metrics statements="15" coveredstatements="15" conditionals="11" coveredconditionals="11" methods="4" coveredmethods="4"/>
      <file name="abstractFactory.js" path="D:\Projects\EPI USE\Assignments\Income Tax Calculator\Application\public\js\modules\factory\abstractFactory.js">
        <metrics statements="15" coveredstatements="15" conditionals="11" coveredconditionals="11" methods="4" coveredmethods="4"/>
        <line num="3" count="8" type="stmt"/>
        <line num="14" count="5" type="cond" truecount="2" falsecount="0"/>
        <line num="15" count="1" type="stmt"/>
        <line num="18" count="4" type="stmt"/>
        <line num="27" count="13" type="cond" truecount="5" falsecount="0"/>
        <line num="28" count="5" type="stmt"/>
        <line num="32" count="5" type="stmt"/>
        <line num="33" count="5" type="cond" truecount="2" falsecount="0"/>
        <line num="34" count="1" type="stmt"/>
        <line num="38" count="4" type="stmt"/>
        <line num="49" count="3" type="stmt"/>
        <line num="50" count="3" type="stmt"/>
        <line num="53" count="3" type="cond" truecount="2" falsecount="0"/>
        <line num="54" count="1" type="stmt"/>
        <line num="57" count="3" type="stmt"/>
      </file>
    </package>
    <package name="payrollFunctions">
      <metrics statements="71" coveredstatements="71" conditionals="16" coveredconditionals="16" methods="16" coveredmethods="16"/>
      <file name="calculationFunctions.js" path="D:\Projects\EPI USE\Assignments\Income Tax Calculator\Application\public\js\modules\payrollFunctions\calculationFunctions.js">
        <metrics statements="71" coveredstatements="71" conditionals="16" coveredconditionals="16" methods="16" coveredmethods="16"/>
        <line num="9" count="1" type="stmt"/>
        <line num="10" count="42" type="cond" truecount="2" falsecount="0"/>
        <line num="11" count="1" type="stmt"/>
        <line num="14" count="41" type="stmt"/>
        <line num="15" count="41" type="stmt"/>
        <line num="16" count="85" type="stmt"/>
        <line num="18" count="38" type="stmt"/>
        <line num="28" count="1" type="stmt"/>
        <line num="29" count="51" type="cond" truecount="2" falsecount="0"/>
        <line num="30" count="2" type="stmt"/>
        <line num="33" count="49" type="stmt"/>
        <line num="34" count="45" type="stmt"/>
        <line num="35" count="52" type="stmt"/>
        <line num="37" count="42" type="stmt"/>
        <line num="45" count="1" type="stmt"/>
        <line num="46" count="17" type="stmt"/>
        <line num="47" count="13" type="stmt"/>
        <line num="48" count="16" type="stmt"/>
        <line num="50" count="12" type="stmt"/>
        <line num="58" count="1" type="stmt"/>
        <line num="59" count="23" type="stmt"/>
        <line num="60" count="18" type="stmt"/>
        <line num="61" count="23" type="stmt"/>
        <line num="62" count="23" type="stmt"/>
        <line num="64" count="6" type="cond" truecount="2" falsecount="0"/>
        <line num="65" count="3" type="stmt"/>
        <line num="67" count="3" type="stmt"/>
        <line num="71" count="12" type="stmt"/>
        <line num="80" count="1" type="stmt"/>
        <line num="81" count="64" type="cond" truecount="2" falsecount="0"/>
        <line num="82" count="1" type="stmt"/>
        <line num="85" count="63" type="stmt"/>
        <line num="86" count="63" type="stmt"/>
        <line num="87" count="122" type="stmt"/>
        <line num="89" count="48" type="stmt"/>
        <line num="98" count="42" type="stmt"/>
        <line num="107" count="1" type="stmt"/>
        <line num="108" count="48" type="stmt"/>
        <line num="115" count="28" type="stmt"/>
        <line num="124" count="1" type="stmt"/>
        <line num="125" count="29" type="stmt"/>
        <line num="134" count="1" type="stmt"/>
        <line num="135" count="32" type="stmt"/>
        <line num="146" count="1" type="stmt"/>
        <line num="147" count="59" type="stmt"/>
        <line num="148" count="39" type="stmt"/>
        <line num="149" count="28" type="stmt"/>
        <line num="166" count="1" type="stmt"/>
        <line num="167" count="46" type="stmt"/>
        <line num="168" count="46" type="stmt"/>
        <line num="170" count="46" type="stmt"/>
        <line num="171" count="75" type="stmt"/>
        <line num="172" count="67" type="cond" truecount="2" falsecount="0"/>
        <line num="173" count="1" type="stmt"/>
        <line num="176" count="66" type="cond" truecount="2" falsecount="0"/>
        <line num="177" count="2" type="stmt"/>
        <line num="180" count="64" type="cond" truecount="2" falsecount="0"/>
        <line num="181" count="46" type="stmt"/>
        <line num="183" count="54" type="stmt"/>
        <line num="185" count="22" type="stmt"/>
        <line num="197" count="1" type="stmt"/>
        <line num="198" count="23" type="stmt"/>
        <line num="199" count="25" type="stmt"/>
        <line num="212" count="1" type="stmt"/>
        <line num="214" count="22" type="stmt"/>
        <line num="215" count="14" type="stmt"/>
        <line num="216" count="14" type="stmt"/>
        <line num="217" count="14" type="cond" truecount="2" falsecount="0"/>
        <line num="218" count="14" type="stmt"/>
        <line num="219" count="8" type="stmt"/>
        <line num="222" count="22" type="stmt"/>
      </file>
    </package>
    <package name="setup">
      <metrics statements="23" coveredstatements="23" conditionals="0" coveredconditionals="0" methods="4" coveredmethods="4"/>
      <file name="commandsController.js" path="D:\Projects\EPI USE\Assignments\Income Tax Calculator\Application\public\js\modules\setup\commandsController.js">
        <metrics statements="23" coveredstatements="23" conditionals="0" coveredconditionals="0" methods="4" coveredmethods="4"/>
        <line num="4" count="1" type="stmt"/>
        <line num="5" count="1" type="stmt"/>
        <line num="6" count="1" type="stmt"/>
        <line num="8" count="1" type="stmt"/>
        <line num="9" count="1" type="stmt"/>
        <line num="12" count="1" type="stmt"/>
        <line num="13" count="1" type="stmt"/>
        <line num="14" count="1" type="stmt"/>
        <line num="15" count="1" type="stmt"/>
        <line num="23" count="1" type="stmt"/>
        <line num="24" count="1" type="stmt"/>
        <line num="25" count="1" type="stmt"/>
        <line num="26" count="1" type="stmt"/>
        <line num="27" count="1" type="stmt"/>
        <line num="29" count="1" type="stmt"/>
        <line num="30" count="1" type="stmt"/>
        <line num="34" count="1" type="stmt"/>
        <line num="35" count="2" type="stmt"/>
        <line num="36" count="1" type="stmt"/>
        <line num="37" count="1" type="stmt"/>
        <line num="39" count="1" type="stmt"/>
        <line num="40" count="1" type="stmt"/>
        <line num="41" count="1" type="stmt"/>
      </file>
    </package>
    <package name="utils">
      <metrics statements="37" coveredstatements="26" conditionals="22" coveredconditionals="14" methods="7" coveredmethods="5"/>
      <file name="validation.js" path="D:\Projects\EPI USE\Assignments\Income Tax Calculator\Application\public\js\modules\utils\validation.js">
        <metrics statements="37" coveredstatements="26" conditionals="22" coveredconditionals="14" methods="7" coveredmethods="5"/>
        <line num="7" count="1" type="stmt"/>
        <line num="8" count="1099" type="cond" truecount="2" falsecount="0"/>
        <line num="9" count="102" type="stmt"/>
        <line num="12" count="997" type="cond" truecount="2" falsecount="0"/>
        <line num="14" count="997" type="stmt"/>
        <line num="23" count="1" type="stmt"/>
        <line num="24" count="39" type="stmt"/>
        <line num="25" count="34" type="cond" truecount="2" falsecount="0"/>
        <line num="26" count="6" type="stmt"/>
        <line num="28" count="28" type="stmt"/>
        <line num="37" count="1" type="stmt"/>
        <line num="38" count="106" type="stmt"/>
        <line num="39" count="88" type="cond" truecount="2" falsecount="0"/>
        <line num="40" count="29" type="stmt"/>
        <line num="42" count="59" type="stmt"/>
        <line num="51" count="1" type="stmt"/>
        <line num="52" count="143" type="cond" truecount="4" falsecount="0"/>
        <line num="53" count="8" type="stmt"/>
        <line num="55" count="135" type="stmt"/>
        <line num="64" count="1" type="stmt"/>
        <line num="65" count="23" type="stmt"/>
        <line num="67" count="20" type="cond" truecount="2" falsecount="0"/>
        <line num="68" count="3" type="stmt"/>
        <line num="70" count="17" type="stmt"/>
        <line num="79" count="1" type="stmt"/>
        <line num="81" count="0" type="stmt"/>
        <line num="100" count="0" type="stmt"/>
        <line num="103" count="0" type="cond" truecount="0" falsecount="4"/>
        <line num="104" count="0" type="stmt"/>
        <line num="107" count="0" type="stmt"/>
        <line num="116" count="1" type="stmt"/>
        <line num="117" count="0" type="cond" truecount="0" falsecount="2"/>
        <line num="118" count="0" type="stmt"/>
        <line num="122" count="0" type="stmt"/>
        <line num="124" count="0" type="cond" truecount="0" falsecount="2"/>
        <line num="125" count="0" type="stmt"/>
        <line num="127" count="0" type="stmt"/>
      </file>
    </package>
  </project>
</coverage>
