{"D:\\Projects\\EPI USE\\Assignments\\Income Tax Calculator\\Application\\public\\js\\modules\\factory\\abstractFactory.js": {"path":"D:\\Projects\\EPI USE\\Assignments\\Income Tax Calculator\\Application\\public\\js\\modules\\factory\\abstractFactory.js","statementMap":{"0":{"start":{"line":3,"column":4},"end":{"line":3,"column":34}},"1":{"start":{"line":14,"column":4},"end":{"line":16,"column":5}},"2":{"start":{"line":15,"column":6},"end":{"line":15,"column":111}},"3":{"start":{"line":18,"column":4},"end":{"line":18,"column":48}},"4":{"start":{"line":27,"column":4},"end":{"line":29,"column":5}},"5":{"start":{"line":28,"column":6},"end":{"line":28,"column":100}},"6":{"start":{"line":32,"column":23},"end":{"line":32,"column":45}},"7":{"start":{"line":33,"column":4},"end":{"line":35,"column":5}},"8":{"start":{"line":34,"column":6},"end":{"line":34,"column":107}},"9":{"start":{"line":38,"column":4},"end":{"line":38,"column":61}},"10":{"start":{"line":49,"column":30},"end":{"line":49,"column":73}},"11":{"start":{"line":50,"column":27},"end":{"line":50,"column":63}},"12":{"start":{"line":53,"column":4},"end":{"line":55,"column":5}},"13":{"start":{"line":54,"column":6},"end":{"line":54,"column":69}},"14":{"start":{"line":57,"column":4},"end":{"line":57,"column":26}}},"fnMap":{"0":{"name":"(anonymous_0)","decl":{"start":{"line":2,"column":2},"end":{"line":2,"column":3}},"loc":{"start":{"line":2,"column":16},"end":{"line":4,"column":3}},"line":2},"1":{"name":"(anonymous_1)","decl":{"start":{"line":12,"column":2},"end":{"line":12,"column":3}},"loc":{"start":{"line":12,"column":37},"end":{"line":19,"column":3}},"line":12},"2":{"name":"(anonymous_2)","decl":{"start":{"line":25,"column":2},"end":{"line":25,"column":3}},"loc":{"start":{"line":25,"column":36},"end":{"line":39,"column":3}},"line":25},"3":{"name":"(anonymous_3)","decl":{"start":{"line":47,"column":2},"end":{"line":47,"column":3}},"loc":{"start":{"line":47,"column":25},"end":{"line":58,"column":3}},"line":47}},"branchMap":{"0":{"loc":{"start":{"line":14,"column":4},"end":{"line":16,"column":5}},"type":"if","locations":[{"start":{"line":14,"column":4},"end":{"line":16,"column":5}},{"start":{},"end":{}}],"line":14},"1":{"loc":{"start":{"line":27,"column":4},"end":{"line":29,"column":5}},"type":"if","locations":[{"start":{"line":27,"column":4},"end":{"line":29,"column":5}},{"start":{},"end":{}}],"line":27},"2":{"loc":{"start":{"line":27,"column":10},"end":{"line":27,"column":175}},"type":"binary-expr","locations":[{"start":{"line":27,"column":10},"end":{"line":27,"column":61}},{"start":{"line":27,"column":65},"end":{"line":27,"column":112}},{"start":{"line":27,"column":116},"end":{"line":27,"column":175}}],"line":27},"3":{"loc":{"start":{"line":33,"column":4},"end":{"line":35,"column":5}},"type":"if","locations":[{"start":{"line":33,"column":4},"end":{"line":35,"column":5}},{"start":{},"end":{}}],"line":33},"4":{"loc":{"start":{"line":53,"column":35},"end":{"line":53,"column":53}},"type":"binary-expr","locations":[{"start":{"line":53,"column":35},"end":{"line":53,"column":47}},{"start":{"line":53,"column":51},"end":{"line":53,"column":53}}],"line":53}},"s":{"0":8,"1":5,"2":1,"3":4,"4":13,"5":5,"6":5,"7":5,"8":1,"9":4,"10":3,"11":3,"12":3,"13":1,"14":3},"f":{"0":8,"1":5,"2":13,"3":3},"b":{"0":[1,4],"1":[5,5],"2":[13,10,5],"3":[1,4],"4":[3,2]},"_coverageSchema":"1a1c01bbd47fc00a2c39e90264f33305004495a9","hash":"393802c9062f7b2f3da43c63449db40808bcb741"}
,"D:\\Projects\\EPI USE\\Assignments\\Income Tax Calculator\\Application\\public\\js\\modules\\payrollFunctions\\calculationFunctions.js": {"path":"D:\\Projects\\EPI USE\\Assignments\\Income Tax Calculator\\Application\\public\\js\\modules\\payrollFunctions\\calculationFunctions.js","statementMap":{"0":{"start":{"line":9,"column":19},"end":{"line":19,"column":1}},"1":{"start":{"line":10,"column":2},"end":{"line":12,"column":3}},"2":{"start":{"line":11,"column":4},"end":{"line":11,"column":65}},"3":{"start":{"line":14,"column":14},"end":{"line":14,"column":15}},"4":{"start":{"line":15,"column":2},"end":{"line":17,"column":3}},"5":{"start":{"line":16,"column":4},"end":{"line":16,"column":42}},"6":{"start":{"line":18,"column":2},"end":{"line":18,"column":40}},"7":{"start":{"line":28,"column":24},"end":{"line":38,"column":1}},"8":{"start":{"line":29,"column":2},"end":{"line":31,"column":3}},"9":{"start":{"line":30,"column":4},"end":{"line":30,"column":65}},"10":{"start":{"line":33,"column":15},"end":{"line":33,"column":47}},"11":{"start":{"line":34,"column":2},"end":{"line":36,"column":3}},"12":{"start":{"line":35,"column":4},"end":{"line":35,"column":43}},"13":{"start":{"line":37,"column":2},"end":{"line":37,"column":41}},"14":{"start":{"line":45,"column":24},"end":{"line":51,"column":1}},"15":{"start":{"line":46,"column":15},"end":{"line":46,"column":47}},"16":{"start":{"line":47,"column":2},"end":{"line":49,"column":3}},"17":{"start":{"line":48,"column":4},"end":{"line":48,"column":43}},"18":{"start":{"line":50,"column":2},"end":{"line":50,"column":41}},"19":{"start":{"line":58,"column":22},"end":{"line":72,"column":1}},"20":{"start":{"line":59,"column":15},"end":{"line":59,"column":47}},"21":{"start":{"line":60,"column":2},"end":{"line":69,"column":3}},"22":{"start":{"line":61,"column":4},"end":{"line":68,"column":5}},"23":{"start":{"line":62,"column":6},"end":{"line":62,"column":54}},"24":{"start":{"line":64,"column":6},"end":{"line":66,"column":7}},"25":{"start":{"line":65,"column":8},"end":{"line":65,"column":47}},"26":{"start":{"line":67,"column":6},"end":{"line":67,"column":18}},"27":{"start":{"line":71,"column":2},"end":{"line":71,"column":41}},"28":{"start":{"line":80,"column":25},"end":{"line":90,"column":1}},"29":{"start":{"line":81,"column":2},"end":{"line":83,"column":3}},"30":{"start":{"line":82,"column":4},"end":{"line":82,"column":67}},"31":{"start":{"line":85,"column":23},"end":{"line":85,"column":25}},"32":{"start":{"line":86,"column":2},"end":{"line":88,"column":3}},"33":{"start":{"line":87,"column":4},"end":{"line":87,"column":55}},"34":{"start":{"line":89,"column":2},"end":{"line":89,"column":35}},"35":{"start":{"line":98,"column":31},"end":{"line":98,"column":76}},"36":{"start":{"line":98,"column":41},"end":{"line":98,"column":76}},"37":{"start":{"line":107,"column":31},"end":{"line":108,"column":95}},"38":{"start":{"line":108,"column":2},"end":{"line":108,"column":95}},"39":{"start":{"line":115,"column":34},"end":{"line":115,"column":106}},"40":{"start":{"line":115,"column":49},"end":{"line":115,"column":106}},"41":{"start":{"line":124,"column":25},"end":{"line":125,"column":103}},"42":{"start":{"line":125,"column":2},"end":{"line":125,"column":103}},"43":{"start":{"line":134,"column":28},"end":{"line":135,"column":99}},"44":{"start":{"line":135,"column":2},"end":{"line":135,"column":99}},"45":{"start":{"line":146,"column":44},"end":{"line":150,"column":1}},"46":{"start":{"line":147,"column":27},"end":{"line":147,"column":95}},"47":{"start":{"line":148,"column":21},"end":{"line":148,"column":76}},"48":{"start":{"line":149,"column":2},"end":{"line":149,"column":55}},"49":{"start":{"line":166,"column":47},"end":{"line":186,"column":1}},"50":{"start":{"line":167,"column":14},"end":{"line":167,"column":15}},"51":{"start":{"line":168,"column":18},"end":{"line":168,"column":19}},"52":{"start":{"line":170,"column":2},"end":{"line":184,"column":3}},"53":{"start":{"line":171,"column":24},"end":{"line":171,"column":69}},"54":{"start":{"line":172,"column":4},"end":{"line":174,"column":5}},"55":{"start":{"line":173,"column":6},"end":{"line":173,"column":61}},"56":{"start":{"line":176,"column":4},"end":{"line":178,"column":5}},"57":{"start":{"line":177,"column":6},"end":{"line":177,"column":76}},"58":{"start":{"line":180,"column":4},"end":{"line":182,"column":5}},"59":{"start":{"line":181,"column":6},"end":{"line":181,"column":97}},"60":{"start":{"line":183,"column":4},"end":{"line":183,"column":62}},"61":{"start":{"line":185,"column":2},"end":{"line":185,"column":40}},"62":{"start":{"line":197,"column":46},"end":{"line":201,"column":1}},"63":{"start":{"line":198,"column":2},"end":{"line":200,"column":4}},"64":{"start":{"line":199,"column":4},"end":{"line":199,"column":84}},"65":{"start":{"line":212,"column":44},"end":{"line":223,"column":1}},"66":{"start":{"line":214,"column":40},"end":{"line":220,"column":3}},"67":{"start":{"line":215,"column":26},"end":{"line":215,"column":38}},"68":{"start":{"line":216,"column":31},"end":{"line":216,"column":123}},"69":{"start":{"line":217,"column":31},"end":{"line":217,"column":132}},"70":{"start":{"line":218,"column":37},"end":{"line":218,"column":136}},"71":{"start":{"line":219,"column":4},"end":{"line":219,"column":48}},"72":{"start":{"line":222,"column":2},"end":{"line":222,"column":119}}},"fnMap":{"0":{"name":"(anonymous_0)","decl":{"start":{"line":9,"column":19},"end":{"line":9,"column":20}},"loc":{"start":{"line":9,"column":35},"end":{"line":19,"column":1}},"line":9},"1":{"name":"(anonymous_1)","decl":{"start":{"line":28,"column":24},"end":{"line":28,"column":25}},"loc":{"start":{"line":28,"column":49},"end":{"line":38,"column":1}},"line":28},"2":{"name":"(anonymous_2)","decl":{"start":{"line":45,"column":24},"end":{"line":45,"column":25}},"loc":{"start":{"line":45,"column":49},"end":{"line":51,"column":1}},"line":45},"3":{"name":"(anonymous_3)","decl":{"start":{"line":58,"column":22},"end":{"line":58,"column":23}},"loc":{"start":{"line":58,"column":47},"end":{"line":72,"column":1}},"line":58},"4":{"name":"(anonymous_4)","decl":{"start":{"line":80,"column":25},"end":{"line":80,"column":26}},"loc":{"start":{"line":80,"column":40},"end":{"line":90,"column":1}},"line":80},"5":{"name":"(anonymous_5)","decl":{"start":{"line":98,"column":31},"end":{"line":98,"column":32}},"loc":{"start":{"line":98,"column":41},"end":{"line":98,"column":76}},"line":98},"6":{"name":"(anonymous_6)","decl":{"start":{"line":107,"column":31},"end":{"line":107,"column":32}},"loc":{"start":{"line":108,"column":2},"end":{"line":108,"column":95}},"line":108},"7":{"name":"(anonymous_7)","decl":{"start":{"line":115,"column":34},"end":{"line":115,"column":35}},"loc":{"start":{"line":115,"column":49},"end":{"line":115,"column":106}},"line":115},"8":{"name":"(anonymous_8)","decl":{"start":{"line":124,"column":25},"end":{"line":124,"column":26}},"loc":{"start":{"line":125,"column":2},"end":{"line":125,"column":103}},"line":125},"9":{"name":"(anonymous_9)","decl":{"start":{"line":134,"column":28},"end":{"line":134,"column":29}},"loc":{"start":{"line":135,"column":2},"end":{"line":135,"column":99}},"line":135},"10":{"name":"(anonymous_10)","decl":{"start":{"line":146,"column":44},"end":{"line":146,"column":45}},"loc":{"start":{"line":146,"column":70},"end":{"line":150,"column":1}},"line":146},"11":{"name":"(anonymous_11)","decl":{"start":{"line":166,"column":47},"end":{"line":166,"column":48}},"loc":{"start":{"line":166,"column":93},"end":{"line":186,"column":1}},"line":166},"12":{"name":"(anonymous_12)","decl":{"start":{"line":197,"column":46},"end":{"line":197,"column":47}},"loc":{"start":{"line":197,"column":75},"end":{"line":201,"column":1}},"line":197},"13":{"name":"(anonymous_13)","decl":{"start":{"line":198,"column":91},"end":{"line":198,"column":92}},"loc":{"start":{"line":199,"column":4},"end":{"line":199,"column":84}},"line":199},"14":{"name":"(anonymous_14)","decl":{"start":{"line":212,"column":44},"end":{"line":212,"column":45}},"loc":{"start":{"line":212,"column":70},"end":{"line":223,"column":1}},"line":212},"15":{"name":"(anonymous_15)","decl":{"start":{"line":214,"column":40},"end":{"line":214,"column":41}},"loc":{"start":{"line":214,"column":89},"end":{"line":220,"column":3}},"line":214}},"branchMap":{"0":{"loc":{"start":{"line":10,"column":2},"end":{"line":12,"column":3}},"type":"if","locations":[{"start":{"line":10,"column":2},"end":{"line":12,"column":3}},{"start":{},"end":{}}],"line":10},"1":{"loc":{"start":{"line":29,"column":2},"end":{"line":31,"column":3}},"type":"if","locations":[{"start":{"line":29,"column":2},"end":{"line":31,"column":3}},{"start":{},"end":{}}],"line":29},"2":{"loc":{"start":{"line":64,"column":6},"end":{"line":66,"column":7}},"type":"if","locations":[{"start":{"line":64,"column":6},"end":{"line":66,"column":7}},{"start":{},"end":{}}],"line":64},"3":{"loc":{"start":{"line":81,"column":2},"end":{"line":83,"column":3}},"type":"if","locations":[{"start":{"line":81,"column":2},"end":{"line":83,"column":3}},{"start":{},"end":{}}],"line":81},"4":{"loc":{"start":{"line":172,"column":4},"end":{"line":174,"column":5}},"type":"if","locations":[{"start":{"line":172,"column":4},"end":{"line":174,"column":5}},{"start":{},"end":{}}],"line":172},"5":{"loc":{"start":{"line":176,"column":4},"end":{"line":178,"column":5}},"type":"if","locations":[{"start":{"line":176,"column":4},"end":{"line":178,"column":5}},{"start":{},"end":{}}],"line":176},"6":{"loc":{"start":{"line":180,"column":4},"end":{"line":182,"column":5}},"type":"if","locations":[{"start":{"line":180,"column":4},"end":{"line":182,"column":5}},{"start":{},"end":{}}],"line":180},"7":{"loc":{"start":{"line":217,"column":31},"end":{"line":217,"column":132}},"type":"cond-expr","locations":[{"start":{"line":217,"column":87},"end":{"line":217,"column":111}},{"start":{"line":217,"column":114},"end":{"line":217,"column":132}}],"line":217}},"s":{"0":1,"1":42,"2":1,"3":41,"4":41,"5":85,"6":38,"7":1,"8":51,"9":2,"10":49,"11":45,"12":52,"13":42,"14":1,"15":17,"16":13,"17":16,"18":12,"19":1,"20":23,"21":18,"22":23,"23":23,"24":6,"25":3,"26":3,"27":12,"28":1,"29":64,"30":1,"31":63,"32":63,"33":122,"34":48,"35":1,"36":42,"37":1,"38":48,"39":1,"40":28,"41":1,"42":29,"43":1,"44":32,"45":1,"46":59,"47":39,"48":28,"49":1,"50":46,"51":46,"52":46,"53":75,"54":67,"55":1,"56":66,"57":2,"58":64,"59":46,"60":54,"61":22,"62":1,"63":23,"64":25,"65":1,"66":22,"67":14,"68":14,"69":14,"70":14,"71":8,"72":22},"f":{"0":42,"1":51,"2":17,"3":23,"4":64,"5":42,"6":48,"7":28,"8":29,"9":32,"10":59,"11":46,"12":23,"13":25,"14":22,"15":14},"b":{"0":[1,41],"1":[2,49],"2":[3,3],"3":[1,63],"4":[1,66],"5":[2,64],"6":[46,18],"7":[10,4]},"_coverageSchema":"1a1c01bbd47fc00a2c39e90264f33305004495a9","hash":"e03b21758a6ffd00642666c3902a0c6e475ee146"}
,"D:\\Projects\\EPI USE\\Assignments\\Income Tax Calculator\\Application\\public\\js\\modules\\setup\\commandsController.js": {"path":"D:\\Projects\\EPI USE\\Assignments\\Income Tax Calculator\\Application\\public\\js\\modules\\setup\\commandsController.js","statementMap":{"0":{"start":{"line":4,"column":29},"end":{"line":10,"column":1}},"1":{"start":{"line":5,"column":22},"end":{"line":5,"column":54}},"2":{"start":{"line":6,"column":36},"end":{"line":6,"column":81}},"3":{"start":{"line":8,"column":20},"end":{"line":8,"column":74}},"4":{"start":{"line":9,"column":2},"end":{"line":9,"column":19}},"5":{"start":{"line":12,"column":50},"end":{"line":17,"column":1}},"6":{"start":{"line":13,"column":2},"end":{"line":16,"column":3}},"7":{"start":{"line":14,"column":19},"end":{"line":14,"column":62}},"8":{"start":{"line":15,"column":4},"end":{"line":15,"column":48}},"9":{"start":{"line":23,"column":31},"end":{"line":31,"column":1}},"10":{"start":{"line":24,"column":23},"end":{"line":24,"column":72}},"11":{"start":{"line":25,"column":2},"end":{"line":25,"column":50}},"12":{"start":{"line":26,"column":18},"end":{"line":26,"column":39}},"13":{"start":{"line":27,"column":2},"end":{"line":27,"column":29}},"14":{"start":{"line":29,"column":2},"end":{"line":29,"column":73}},"15":{"start":{"line":30,"column":2},"end":{"line":30,"column":17}},"16":{"start":{"line":34,"column":27},"end":{"line":42,"column":1}},"17":{"start":{"line":35,"column":23},"end":{"line":35,"column":61}},"18":{"start":{"line":36,"column":18},"end":{"line":36,"column":69}},"19":{"start":{"line":37,"column":18},"end":{"line":37,"column":58}},"20":{"start":{"line":39,"column":30},"end":{"line":39,"column":90}},"21":{"start":{"line":40,"column":2},"end":{"line":40,"column":58}},"22":{"start":{"line":41,"column":2},"end":{"line":41,"column":17}}},"fnMap":{"0":{"name":"(anonymous_0)","decl":{"start":{"line":4,"column":29},"end":{"line":4,"column":30}},"loc":{"start":{"line":4,"column":62},"end":{"line":10,"column":1}},"line":4},"1":{"name":"(anonymous_1)","decl":{"start":{"line":12,"column":50},"end":{"line":12,"column":51}},"loc":{"start":{"line":12,"column":83},"end":{"line":17,"column":1}},"line":12},"2":{"name":"(anonymous_2)","decl":{"start":{"line":23,"column":31},"end":{"line":23,"column":32}},"loc":{"start":{"line":23,"column":64},"end":{"line":31,"column":1}},"line":23},"3":{"name":"(anonymous_3)","decl":{"start":{"line":34,"column":27},"end":{"line":34,"column":28}},"loc":{"start":{"line":34,"column":71},"end":{"line":42,"column":1}},"line":34}},"branchMap":{},"s":{"0":1,"1":1,"2":1,"3":1,"4":1,"5":1,"6":1,"7":1,"8":1,"9":1,"10":1,"11":1,"12":1,"13":1,"14":1,"15":1,"16":1,"17":2,"18":1,"19":1,"20":1,"21":1,"22":1},"f":{"0":1,"1":1,"2":1,"3":2},"b":{},"_coverageSchema":"1a1c01bbd47fc00a2c39e90264f33305004495a9","hash":"f4e4c9212d94c08eaa80381f2b687e7ab28d0f9f"}
,"D:\\Projects\\EPI USE\\Assignments\\Income Tax Calculator\\Application\\public\\js\\modules\\utils\\validation.js": {"path":"D:\\Projects\\EPI USE\\Assignments\\Income Tax Calculator\\Application\\public\\js\\modules\\utils\\validation.js","statementMap":{"0":{"start":{"line":7,"column":28},"end":{"line":15,"column":1}},"1":{"start":{"line":8,"column":4},"end":{"line":10,"column":5}},"2":{"start":{"line":9,"column":8},"end":{"line":9,"column":79}},"3":{"start":{"line":12,"column":4},"end":{"line":12,"column":23}},"4":{"start":{"line":12,"column":17},"end":{"line":12,"column":23}},"5":{"start":{"line":14,"column":4},"end":{"line":14,"column":13}},"6":{"start":{"line":23,"column":37},"end":{"line":29,"column":1}},"7":{"start":{"line":24,"column":4},"end":{"line":24,"column":24}},"8":{"start":{"line":25,"column":4},"end":{"line":27,"column":5}},"9":{"start":{"line":26,"column":8},"end":{"line":26,"column":59}},"10":{"start":{"line":28,"column":4},"end":{"line":28,"column":13}},"11":{"start":{"line":37,"column":46},"end":{"line":43,"column":1}},"12":{"start":{"line":38,"column":4},"end":{"line":38,"column":24}},"13":{"start":{"line":39,"column":4},"end":{"line":41,"column":5}},"14":{"start":{"line":40,"column":8},"end":{"line":40,"column":71}},"15":{"start":{"line":42,"column":4},"end":{"line":42,"column":13}},"16":{"start":{"line":51,"column":40},"end":{"line":56,"column":1}},"17":{"start":{"line":52,"column":4},"end":{"line":54,"column":5}},"18":{"start":{"line":53,"column":8},"end":{"line":53,"column":79}},"19":{"start":{"line":55,"column":4},"end":{"line":55,"column":13}},"20":{"start":{"line":64,"column":37},"end":{"line":71,"column":1}},"21":{"start":{"line":65,"column":4},"end":{"line":65,"column":20}},"22":{"start":{"line":67,"column":4},"end":{"line":69,"column":5}},"23":{"start":{"line":68,"column":8},"end":{"line":68,"column":59}},"24":{"start":{"line":70,"column":4},"end":{"line":70,"column":13}},"25":{"start":{"line":79,"column":40},"end":{"line":109,"column":1}},"26":{"start":{"line":81,"column":30},"end":{"line":97,"column":5}},"27":{"start":{"line":100,"column":32},"end":{"line":100,"column":50}},"28":{"start":{"line":103,"column":4},"end":{"line":108,"column":5}},"29":{"start":{"line":104,"column":8},"end":{"line":104,"column":25}},"30":{"start":{"line":107,"column":8},"end":{"line":107,"column":93}},"31":{"start":{"line":116,"column":28},"end":{"line":129,"column":1}},"32":{"start":{"line":117,"column":4},"end":{"line":119,"column":5}},"33":{"start":{"line":118,"column":8},"end":{"line":118,"column":125}},"34":{"start":{"line":122,"column":29},"end":{"line":122,"column":42}},"35":{"start":{"line":124,"column":4},"end":{"line":128,"column":5}},"36":{"start":{"line":125,"column":8},"end":{"line":125,"column":27}},"37":{"start":{"line":127,"column":8},"end":{"line":127,"column":64}}},"fnMap":{"0":{"name":"(anonymous_0)","decl":{"start":{"line":7,"column":28},"end":{"line":7,"column":29}},"loc":{"start":{"line":7,"column":35},"end":{"line":15,"column":1}},"line":7},"1":{"name":"(anonymous_1)","decl":{"start":{"line":23,"column":37},"end":{"line":23,"column":38}},"loc":{"start":{"line":23,"column":44},"end":{"line":29,"column":1}},"line":23},"2":{"name":"(anonymous_2)","decl":{"start":{"line":37,"column":46},"end":{"line":37,"column":47}},"loc":{"start":{"line":37,"column":53},"end":{"line":43,"column":1}},"line":37},"3":{"name":"(anonymous_3)","decl":{"start":{"line":51,"column":40},"end":{"line":51,"column":41}},"loc":{"start":{"line":51,"column":47},"end":{"line":56,"column":1}},"line":51},"4":{"name":"(anonymous_4)","decl":{"start":{"line":64,"column":37},"end":{"line":64,"column":38}},"loc":{"start":{"line":64,"column":44},"end":{"line":71,"column":1}},"line":64},"5":{"name":"(anonymous_5)","decl":{"start":{"line":79,"column":40},"end":{"line":79,"column":41}},"loc":{"start":{"line":79,"column":55},"end":{"line":109,"column":1}},"line":79},"6":{"name":"(anonymous_6)","decl":{"start":{"line":116,"column":28},"end":{"line":116,"column":29}},"loc":{"start":{"line":116,"column":45},"end":{"line":129,"column":1}},"line":116}},"branchMap":{"0":{"loc":{"start":{"line":8,"column":4},"end":{"line":10,"column":5}},"type":"if","locations":[{"start":{"line":8,"column":4},"end":{"line":10,"column":5}},{"start":{},"end":{}}],"line":8},"1":{"loc":{"start":{"line":12,"column":4},"end":{"line":12,"column":23}},"type":"if","locations":[{"start":{"line":12,"column":4},"end":{"line":12,"column":23}},{"start":{},"end":{}}],"line":12},"2":{"loc":{"start":{"line":25,"column":4},"end":{"line":27,"column":5}},"type":"if","locations":[{"start":{"line":25,"column":4},"end":{"line":27,"column":5}},{"start":{},"end":{}}],"line":25},"3":{"loc":{"start":{"line":39,"column":4},"end":{"line":41,"column":5}},"type":"if","locations":[{"start":{"line":39,"column":4},"end":{"line":41,"column":5}},{"start":{},"end":{}}],"line":39},"4":{"loc":{"start":{"line":52,"column":4},"end":{"line":54,"column":5}},"type":"if","locations":[{"start":{"line":52,"column":4},"end":{"line":54,"column":5}},{"start":{},"end":{}}],"line":52},"5":{"loc":{"start":{"line":52,"column":7},"end":{"line":52,"column":43}},"type":"binary-expr","locations":[{"start":{"line":52,"column":7},"end":{"line":52,"column":26}},{"start":{"line":52,"column":30},"end":{"line":52,"column":43}}],"line":52},"6":{"loc":{"start":{"line":67,"column":4},"end":{"line":69,"column":5}},"type":"if","locations":[{"start":{"line":67,"column":4},"end":{"line":69,"column":5}},{"start":{},"end":{}}],"line":67},"7":{"loc":{"start":{"line":103,"column":4},"end":{"line":108,"column":5}},"type":"if","locations":[{"start":{"line":103,"column":4},"end":{"line":108,"column":5}},{"start":{"line":106,"column":8},"end":{"line":108,"column":5}}],"line":103},"8":{"loc":{"start":{"line":103,"column":7},"end":{"line":103,"column":97}},"type":"binary-expr","locations":[{"start":{"line":103,"column":7},"end":{"line":103,"column":42}},{"start":{"line":103,"column":46},"end":{"line":103,"column":97}}],"line":103},"9":{"loc":{"start":{"line":117,"column":4},"end":{"line":119,"column":5}},"type":"if","locations":[{"start":{"line":117,"column":4},"end":{"line":119,"column":5}},{"start":{},"end":{}}],"line":117},"10":{"loc":{"start":{"line":124,"column":4},"end":{"line":128,"column":5}},"type":"if","locations":[{"start":{"line":124,"column":4},"end":{"line":128,"column":5}},{"start":{"line":126,"column":11},"end":{"line":128,"column":5}}],"line":124}},"s":{"0":1,"1":1099,"2":102,"3":997,"4":130,"5":997,"6":1,"7":39,"8":34,"9":6,"10":28,"11":1,"12":106,"13":88,"14":29,"15":59,"16":1,"17":143,"18":8,"19":135,"20":1,"21":23,"22":20,"23":3,"24":17,"25":1,"26":0,"27":0,"28":0,"29":0,"30":0,"31":1,"32":0,"33":0,"34":0,"35":0,"36":0,"37":0},"f":{"0":1099,"1":39,"2":106,"3":143,"4":23,"5":0,"6":0},"b":{"0":[102,997],"1":[130,867],"2":[6,28],"3":[29,59],"4":[8,135],"5":[143,24],"6":[3,17],"7":[0,0],"8":[0,0],"9":[0,0],"10":[0,0]},"_coverageSchema":"1a1c01bbd47fc00a2c39e90264f33305004495a9","hash":"6ad9a5c9ebb5d4b78686cc32174fd5daa1614aef"}
}
