TN:
SF:public\js\modules\factory\abstractFactory.js
FN:2,(anonymous_0)
FN:12,(anonymous_1)
FN:25,(anonymous_2)
FN:47,(anonymous_3)
FNF:4
FNH:4
FNDA:8,(anonymous_0)
FNDA:5,(anonymous_1)
FNDA:13,(anonymous_2)
FNDA:3,(anonymous_3)
DA:3,8
DA:14,5
DA:15,1
DA:18,4
DA:27,13
DA:28,5
DA:32,5
DA:33,5
DA:34,1
DA:38,4
DA:49,3
DA:50,3
DA:53,3
DA:54,1
DA:57,3
LF:15
LH:15
BRDA:14,0,0,1
BRDA:14,0,1,4
BRDA:27,1,0,5
BRDA:27,1,1,5
BRDA:27,2,0,13
BRDA:27,2,1,10
BRDA:27,2,2,5
BRDA:33,3,0,1
BRDA:33,3,1,4
BRDA:53,4,0,3
BRDA:53,4,1,2
BRF:11
BRH:11
end_of_record
TN:
SF:public\js\modules\payrollFunctions\calculationFunctions.js
FN:9,(anonymous_0)
FN:28,(anonymous_1)
FN:45,(anonymous_2)
FN:58,(anonymous_3)
FN:80,(anonymous_4)
FN:98,(anonymous_5)
FN:107,(anonymous_6)
FN:115,(anonymous_7)
FN:124,(anonymous_8)
FN:134,(anonymous_9)
FN:146,(anonymous_10)
FN:166,(anonymous_11)
FN:197,(anonymous_12)
FN:198,(anonymous_13)
FN:212,(anonymous_14)
FN:214,(anonymous_15)
FNF:16
FNH:16
FNDA:42,(anonymous_0)
FNDA:51,(anonymous_1)
FNDA:17,(anonymous_2)
FNDA:23,(anonymous_3)
FNDA:64,(anonymous_4)
FNDA:42,(anonymous_5)
FNDA:48,(anonymous_6)
FNDA:28,(anonymous_7)
FNDA:29,(anonymous_8)
FNDA:32,(anonymous_9)
FNDA:59,(anonymous_10)
FNDA:46,(anonymous_11)
FNDA:23,(anonymous_12)
FNDA:25,(anonymous_13)
FNDA:22,(anonymous_14)
FNDA:14,(anonymous_15)
DA:9,1
DA:10,42
DA:11,1
DA:14,41
DA:15,41
DA:16,85
DA:18,38
DA:28,1
DA:29,51
DA:30,2
DA:33,49
DA:34,45
DA:35,52
DA:37,42
DA:45,1
DA:46,17
DA:47,13
DA:48,16
DA:50,12
DA:58,1
DA:59,23
DA:60,18
DA:61,23
DA:62,23
DA:64,6
DA:65,3
DA:67,3
DA:71,12
DA:80,1
DA:81,64
DA:82,1
DA:85,63
DA:86,63
DA:87,122
DA:89,48
DA:98,42
DA:107,1
DA:108,48
DA:115,28
DA:124,1
DA:125,29
DA:134,1
DA:135,32
DA:146,1
DA:147,59
DA:148,39
DA:149,28
DA:166,1
DA:167,46
DA:168,46
DA:170,46
DA:171,75
DA:172,67
DA:173,1
DA:176,66
DA:177,2
DA:180,64
DA:181,46
DA:183,54
DA:185,22
DA:197,1
DA:198,23
DA:199,25
DA:212,1
DA:214,22
DA:215,14
DA:216,14
DA:217,14
DA:218,14
DA:219,8
DA:222,22
LF:71
LH:71
BRDA:10,0,0,1
BRDA:10,0,1,41
BRDA:29,1,0,2
BRDA:29,1,1,49
BRDA:64,2,0,3
BRDA:64,2,1,3
BRDA:81,3,0,1
BRDA:81,3,1,63
BRDA:172,4,0,1
BRDA:172,4,1,66
BRDA:176,5,0,2
BRDA:176,5,1,64
BRDA:180,6,0,46
BRDA:180,6,1,18
BRDA:217,7,0,10
BRDA:217,7,1,4
BRF:16
BRH:16
end_of_record
TN:
SF:public\js\modules\setup\commandsController.js
FN:4,(anonymous_0)
FN:12,(anonymous_1)
FN:23,(anonymous_2)
FN:34,(anonymous_3)
FNF:4
FNH:4
FNDA:1,(anonymous_0)
FNDA:1,(anonymous_1)
FNDA:1,(anonymous_2)
FNDA:2,(anonymous_3)
DA:4,1
DA:5,1
DA:6,1
DA:8,1
DA:9,1
DA:12,1
DA:13,1
DA:14,1
DA:15,1
DA:23,1
DA:24,1
DA:25,1
DA:26,1
DA:27,1
DA:29,1
DA:30,1
DA:34,1
DA:35,2
DA:36,1
DA:37,1
DA:39,1
DA:40,1
DA:41,1
LF:23
LH:23
BRF:0
BRH:0
end_of_record
TN:
SF:public\js\modules\utils\validation.js
FN:7,(anonymous_0)
FN:23,(anonymous_1)
FN:37,(anonymous_2)
FN:51,(anonymous_3)
FN:64,(anonymous_4)
FN:79,(anonymous_5)
FN:116,(anonymous_6)
FNF:7
FNH:5
FNDA:1099,(anonymous_0)
FNDA:39,(anonymous_1)
FNDA:106,(anonymous_2)
FNDA:143,(anonymous_3)
FNDA:23,(anonymous_4)
FNDA:0,(anonymous_5)
FNDA:0,(anonymous_6)
DA:7,1
DA:8,1099
DA:9,102
DA:12,997
DA:14,997
DA:23,1
DA:24,39
DA:25,34
DA:26,6
DA:28,28
DA:37,1
DA:38,106
DA:39,88
DA:40,29
DA:42,59
DA:51,1
DA:52,143
DA:53,8
DA:55,135
DA:64,1
DA:65,23
DA:67,20
DA:68,3
DA:70,17
DA:79,1
DA:81,0
DA:100,0
DA:103,0
DA:104,0
DA:107,0
DA:116,1
DA:117,0
DA:118,0
DA:122,0
DA:124,0
DA:125,0
DA:127,0
LF:37
LH:26
BRDA:8,0,0,102
BRDA:8,0,1,997
BRDA:12,1,0,130
BRDA:12,1,1,867
BRDA:25,2,0,6
BRDA:25,2,1,28
BRDA:39,3,0,29
BRDA:39,3,1,59
BRDA:52,4,0,8
BRDA:52,4,1,135
BRDA:52,5,0,143
BRDA:52,5,1,24
BRDA:67,6,0,3
BRDA:67,6,1,17
BRDA:103,7,0,0
BRDA:103,7,1,0
BRDA:103,8,0,0
BRDA:103,8,1,0
BRDA:117,9,0,0
BRDA:117,9,1,0
BRDA:124,10,0,0
BRDA:124,10,1,0
BRF:22
BRH:14
end_of_record
